2025-11-26 22:43:06 [tiep] Login failed (user not found)
2025-11-26 22:43:16 [tiep] Login failed (user not found)
2025-11-26 22:43:16 [tiep] Login failed (user not found)
2025-11-26 22:56:17 [tiep] REGISTER success
2025-11-26 22:56:19 [tiep] Login success
2025-11-26 22:57:10 [tiep] Login success
2025-11-26 22:59:09 [tiep] Login success
2025-11-30 21:59:07 [tum] Login failed (user not found)
2025-11-30 21:59:09 [tum] Login failed (user not found)
2025-11-30 21:58:17 [tum] Login failed (user not found)
2025-11-30 21:58:17 [tum] Login failed (user not found)
2025-11-30 21:58:17 [tum] Login failed (user not found)
2025-11-30 21:58:21 [tum] Login failed (user not found)
2025-11-30 21:58:21 [tum] Login failed (user not found)
2025-11-30 21:58:21 [tum] Login failed (user not found)
2025-11-30 21:58:21 [tum] Login failed (user not found)
2025-11-30 21:58:22 [tum] Login failed (user not found)
2025-11-30 21:58:27 [tum] Login failed (user not found)
2025-11-30 21:58:27 [tum] Login failed (user not found)
2025-11-30 21:59:37 [tum] Login failed (user not found)
2025-11-30 21:58:45 [tiep] Login success
2025-11-30 21:59:24 [tum] Login failed (user not found)
2025-11-30 22:00:30 [tum] REGISTER success
2025-11-30 22:00:32 [tum] Login failed (wrong password)
2025-11-30 22:00:36 [tum] Login failed (wrong password)
2025-11-30 22:00:36 [tum] Login failed (wrong password)
2025-11-30 22:00:37 [tum] Login failed (wrong password)
2025-11-30 22:00:37 [tum] Login failed (wrong password)
2025-11-30 22:00:37 [tum] Login failed (wrong password)
2025-11-30 22:00:40 [tum] Login failed (wrong password)
2025-11-30 22:00:40 [tum] Login failed (wrong password)
2025-11-30 22:00:41 [tum] Login failed (wrong password)
2025-11-30 22:00:42 [tum] Login failed (wrong password)
2025-11-30 22:01:41 [tum] Login failed (wrong password)
2025-11-30 22:01:41 [tum] Login failed (wrong password)
2025-11-30 22:00:47 [tum] Login failed (wrong password)
2025-11-30 22:00:47 [tum] Login failed (wrong password)
2025-11-30 22:00:47 [tum] Login failed (wrong password)
2025-11-30 22:00:59 [tum] Login success
2025-11-30 22:02:29 [tum] Login success
